...found 1 target...
...found 11 targets...
...found 3 targets...
...found 9 targets...
...updating 1 target...
gcc.compile.c++ bin.v2/libs/filesystem/config/gcc-9/release/threading-multi/visibility-hidden/has_cxx20_atomic_ref.o
libs/filesystem/config/has_cxx20_atomic_ref.cpp: In function ‘int main()’:
libs/filesystem/config/has_cxx20_atomic_ref.cpp:15:10: error: ‘atomic_ref’ is not a member of ‘std’; did you mean ‘atomic_int’?
   15 |     std::atomic_ref< func_t* > ref(func);
      |          ^~~~~~~~~~
      |          atomic_int
libs/filesystem/config/has_cxx20_atomic_ref.cpp:15:28: error: expected primary-expression before ‘*’ token
   15 |     std::atomic_ref< func_t* > ref(func);
      |                            ^
libs/filesystem/config/has_cxx20_atomic_ref.cpp:15:30: error: expected primary-expression before ‘>’ token
   15 |     std::atomic_ref< func_t* > ref(func);
      |                              ^
libs/filesystem/config/has_cxx20_atomic_ref.cpp:15:32: error: ‘ref’ was not declared in this scope
   15 |     std::atomic_ref< func_t* > ref(func);
      |                                ^~~

    "g++"   -fvisibility-inlines-hidden -fPIC -m64 -pthread -O3 -finline-functions -Wno-inline -Wall -fvisibility=hidden  -DBOOST_ALL_NO_LIB=1 -DNDEBUG  -I"." -I"libs/filesystem/src"  -c -o "bin.v2/libs/filesystem/config/gcc-9/release/threading-multi/visibility-hidden/has_cxx20_atomic_ref.o" "libs/filesystem/config/has_cxx20_atomic_ref.cpp"

...failed gcc.compile.c++ bin.v2/libs/filesystem/config/gcc-9/release/threading-multi/visibility-hidden/has_cxx20_atomic_ref.o...
...failed updating 1 target...
...found 3 targets...
...found 138 targets...
...patience...
...found 2 targets...
...found 2 targets...
...found 2 targets...
...updating 1 target...
gcc.compile.c++ bin.v2/libs/filesystem/config/gcc-9/release/threading-multi/visibility-hidden/has_stat_st_mtimensec.o
libs/filesystem/config/has_stat_st_mtimensec.cpp: In function ‘int main()’:
libs/filesystem/config/has_stat_st_mtimensec.cpp:17:8: error: ‘struct stat’ has no member named ‘st_mtimensec’
   17 |     st.st_mtimensec = 10;
      |        ^~~~~~~~~~~~

    "g++"   -fvisibility-inlines-hidden -fPIC -m64 -pthread -O3 -finline-functions -Wno-inline -Wall -fvisibility=hidden  -DBOOST_ALL_NO_LIB=1 -DNDEBUG  -I"." -I"libs/filesystem/src"  -c -o "bin.v2/libs/filesystem/config/gcc-9/release/threading-multi/visibility-hidden/has_stat_st_mtimensec.o" "libs/filesystem/config/has_stat_st_mtimensec.cpp"

...failed gcc.compile.c++ bin.v2/libs/filesystem/config/gcc-9/release/threading-multi/visibility-hidden/has_stat_st_mtimensec.o...
...failed updating 1 target...
...found 2 targets...
...updating 1 target...
gcc.compile.c++ bin.v2/libs/filesystem/config/gcc-9/release/threading-multi/visibility-hidden/has_stat_st_mtimespec.o
libs/filesystem/config/has_stat_st_mtimespec.cpp: In function ‘int main()’:
libs/filesystem/config/has_stat_st_mtimespec.cpp:17:8: error: ‘struct stat’ has no member named ‘st_mtimespec’
   17 |     st.st_mtimespec.tv_nsec = 10;
      |        ^~~~~~~~~~~~

    "g++"   -fvisibility-inlines-hidden -fPIC -m64 -pthread -O3 -finline-functions -Wno-inline -Wall -fvisibility=hidden  -DBOOST_ALL_NO_LIB=1 -DNDEBUG  -I"." -I"libs/filesystem/src"  -c -o "bin.v2/libs/filesystem/config/gcc-9/release/threading-multi/visibility-hidden/has_stat_st_mtimespec.o" "libs/filesystem/config/has_stat_st_mtimespec.cpp"

...failed gcc.compile.c++ bin.v2/libs/filesystem/config/gcc-9/release/threading-multi/visibility-hidden/has_stat_st_mtimespec.o...
...failed updating 1 target...
...found 2 targets...
...updating 1 target...
gcc.compile.c++ bin.v2/libs/filesystem/config/gcc-9/release/threading-multi/visibility-hidden/has_stat_st_birthtim.o
libs/filesystem/config/has_stat_st_birthtim.cpp: In function ‘int main()’:
libs/filesystem/config/has_stat_st_birthtim.cpp:17:8: error: ‘struct stat’ has no member named ‘st_birthtim’
   17 |     st.st_birthtim.tv_sec = 1;
      |        ^~~~~~~~~~~
libs/filesystem/config/has_stat_st_birthtim.cpp:18:8: error: ‘struct stat’ has no member named ‘st_birthtim’
   18 |     st.st_birthtim.tv_nsec = 10;
      |        ^~~~~~~~~~~

    "g++"   -fvisibility-inlines-hidden -fPIC -m64 -pthread -O3 -finline-functions -Wno-inline -Wall -fvisibility=hidden  -DBOOST_ALL_NO_LIB=1 -DNDEBUG  -I"." -I"libs/filesystem/src"  -c -o "bin.v2/libs/filesystem/config/gcc-9/release/threading-multi/visibility-hidden/has_stat_st_birthtim.o" "libs/filesystem/config/has_stat_st_birthtim.cpp"

...failed gcc.compile.c++ bin.v2/libs/filesystem/config/gcc-9/release/threading-multi/visibility-hidden/has_stat_st_birthtim.o...
...failed updating 1 target...
...found 2 targets...
...updating 1 target...
gcc.compile.c++ bin.v2/libs/filesystem/config/gcc-9/release/threading-multi/visibility-hidden/has_stat_st_birthtimensec.o
libs/filesystem/config/has_stat_st_birthtimensec.cpp: In function ‘int main()’:
libs/filesystem/config/has_stat_st_birthtimensec.cpp:17:8: error: ‘struct stat’ has no member named ‘st_birthtime’
   17 |     st.st_birthtime = 1;
      |        ^~~~~~~~~~~~
libs/filesystem/config/has_stat_st_birthtimensec.cpp:18:8: error: ‘struct stat’ has no member named ‘st_birthtimensec’
   18 |     st.st_birthtimensec = 10;
      |        ^~~~~~~~~~~~~~~~

    "g++"   -fvisibility-inlines-hidden -fPIC -m64 -pthread -O3 -finline-functions -Wno-inline -Wall -fvisibility=hidden  -DBOOST_ALL_NO_LIB=1 -DNDEBUG  -I"." -I"libs/filesystem/src"  -c -o "bin.v2/libs/filesystem/config/gcc-9/release/threading-multi/visibility-hidden/has_stat_st_birthtimensec.o" "libs/filesystem/config/has_stat_st_birthtimensec.cpp"

...failed gcc.compile.c++ bin.v2/libs/filesystem/config/gcc-9/release/threading-multi/visibility-hidden/has_stat_st_birthtimensec.o...
...failed updating 1 target...
...found 2 targets...
...updating 1 target...
gcc.compile.c++ bin.v2/libs/filesystem/config/gcc-9/release/threading-multi/visibility-hidden/has_stat_st_birthtimespec.o
libs/filesystem/config/has_stat_st_birthtimespec.cpp: In function ‘int main()’:
libs/filesystem/config/has_stat_st_birthtimespec.cpp:17:8: error: ‘struct stat’ has no member named ‘st_birthtimespec’
   17 |     st.st_birthtimespec.tv_sec = 1;
      |        ^~~~~~~~~~~~~~~~
libs/filesystem/config/has_stat_st_birthtimespec.cpp:18:8: error: ‘struct stat’ has no member named ‘st_birthtimespec’
   18 |     st.st_birthtimespec.tv_nsec = 10;
      |        ^~~~~~~~~~~~~~~~

    "g++"   -fvisibility-inlines-hidden -fPIC -m64 -pthread -O3 -finline-functions -Wno-inline -Wall -fvisibility=hidden  -DBOOST_ALL_NO_LIB=1 -DNDEBUG  -I"." -I"libs/filesystem/src"  -c -o "bin.v2/libs/filesystem/config/gcc-9/release/threading-multi/visibility-hidden/has_stat_st_birthtimespec.o" "libs/filesystem/config/has_stat_st_birthtimespec.cpp"

...failed gcc.compile.c++ bin.v2/libs/filesystem/config/gcc-9/release/threading-multi/visibility-hidden/has_stat_st_birthtimespec.o...
...failed updating 1 target...
...found 3 targets...
...found 3 targets...
...found 109 targets...
...found 1 target...
...found 1 target...
...found 1 target...
...found 1 target...
...found 1 target...
...found 1 target...
...found 1 target...
...found 1 target...
...found 1 target...
...found 1 target...
...found 1 target...
...found 1 target...
...found 28 targets...
...updating 2 targets...
gcc.compile.c++ bin.v2/libs/regex/build/gcc-9/release/threading-multi/visibility-hidden/has_icu_test.o
libs/regex/build/has_icu_test.cpp:12:10: fatal error: unicode/uversion.h: No such file or directory
   12 | #include <unicode/uversion.h>
      |          ^~~~~~~~~~~~~~~~~~~~
compilation terminated.

    "g++"   -fvisibility-inlines-hidden -fPIC -m64 -pthread -O3 -finline-functions -Wno-inline -Wall -fvisibility=hidden  -DBOOST_ALL_NO_LIB=1 -DBOOST_HAS_ICU=1 -DNDEBUG  -I"."  -c -o "bin.v2/libs/regex/build/gcc-9/release/threading-multi/visibility-hidden/has_icu_test.o" "libs/regex/build/has_icu_test.cpp"

...failed gcc.compile.c++ bin.v2/libs/regex/build/gcc-9/release/threading-multi/visibility-hidden/has_icu_test.o...
...skipped <pbin.v2/libs/regex/build/gcc-9/release/threading-multi/visibility-hidden>has_icu for lack of <pbin.v2/libs/regex/build/gcc-9/release/threading-multi/visibility-hidden>has_icu_test.o...
...failed updating 1 target...
...skipped 1 target...
...found 10 targets...
...updating 2 targets...
gcc.compile.c++ bin.v2/libs/iostreams/build/gcc-9/release/threading-multi/visibility-hidden/has_lzma_cputhreads.o
libs/iostreams/src/../build/has_lzma_cputhreads.cpp:5:10: fatal error: lzma.h: No such file or directory
    5 | #include <lzma.h>
      |          ^~~~~~~~
compilation terminated.

    "g++"   -fvisibility-inlines-hidden -fPIC -m64 -pthread -O3 -finline-functions -Wno-inline -Wall -fvisibility=hidden  -DBOOST_ALL_NO_LIB=1 -DNDEBUG  -I"."  -c -o "bin.v2/libs/iostreams/build/gcc-9/release/threading-multi/visibility-hidden/has_lzma_cputhreads.o" "libs/iostreams/src/../build/has_lzma_cputhreads.cpp"

...failed gcc.compile.c++ bin.v2/libs/iostreams/build/gcc-9/release/threading-multi/visibility-hidden/has_lzma_cputhreads.o...
...skipped <pbin.v2/libs/iostreams/build/gcc-9/release/threading-multi/visibility-hidden>has_lzma_cputhreads for lack of <pbin.v2/libs/iostreams/build/gcc-9/release/threading-multi/visibility-hidden>has_lzma_cputhreads.o...
...failed updating 1 target...
...skipped 1 target...
...found 1 target...
...found 8 targets...
...found 10 targets...
...found 4 targets...
...updating 2 targets...
gcc.compile.c++ bin.v2/libs/locale/build/gcc-9/release/threading-multi/visibility-hidden/has_icu_test.o
/home/chengling/Research/Project/Cell/AnalyticalG/cellGPU/cmakeHelp/boost_1_82_0/libs/locale/build/has_icu_test.cpp:6:10: fatal error: unicode/coll.h: No such file or directory
    6 | #include <unicode/coll.h>
      |          ^~~~~~~~~~~~~~~~
compilation terminated.

    "g++"   -fvisibility-inlines-hidden -fPIC -m64 -pthread -O3 -finline-functions -Wno-inline -Wall -fvisibility=hidden  -DBOOST_ALL_NO_LIB=1 -DNDEBUG  -I"."  -c -o "bin.v2/libs/locale/build/gcc-9/release/threading-multi/visibility-hidden/has_icu_test.o" "/home/chengling/Research/Project/Cell/AnalyticalG/cellGPU/cmakeHelp/boost_1_82_0/libs/locale/build/has_icu_test.cpp"

...failed gcc.compile.c++ bin.v2/libs/locale/build/gcc-9/release/threading-multi/visibility-hidden/has_icu_test.o...
...skipped <pbin.v2/libs/locale/build/gcc-9/release/threading-multi/visibility-hidden>has_icu for lack of <pbin.v2/libs/locale/build/gcc-9/release/threading-multi/visibility-hidden>has_icu_test.o...
...failed updating 1 target...
...skipped 1 target...
...found 1 target...
...found 1 target...
...found 1 target...
...found 1 target...
...found 1 target...
...found 1 target...
...found 1 target...
...found 1 target...
...found 192 targets...
...found 9 targets...
...found 8 targets...
...found 11 targets...
...found 10 targets...
...found 3 targets...
...found 8 targets...
...found 1 target...
...found 1 target...
...found 1 target...
...found 1 target...
...found 1 target...
...found 1 target...
...found 1 target...
...found 1 target...
...found 1 target...
...found 8 targets...
...found 9 targets...
...found 3 targets...
...found 2 targets...
...found 12 targets...
...found 5 targets...
...found 5 targets...
...updating 3 targets...
gcc.compile.c++ bin.v2/libs/stacktrace/build/gcc-9/release/threading-multi/visibility-hidden/has_windbg.o
libs/stacktrace/build/has_windbg.cpp:8:10: fatal error: windows.h: No such file or directory
    8 | #include <windows.h>
      |          ^~~~~~~~~~~
compilation terminated.

    "g++"   -fvisibility-inlines-hidden -fPIC -m64 -pthread -O3 -finline-functions -Wno-inline -Wall -fvisibility=hidden  -DBOOST_ALL_NO_LIB=1 -DNDEBUG  -I"."  -c -o "bin.v2/libs/stacktrace/build/gcc-9/release/threading-multi/visibility-hidden/has_windbg.o" "libs/stacktrace/build/has_windbg.cpp"

...failed gcc.compile.c++ bin.v2/libs/stacktrace/build/gcc-9/release/threading-multi/visibility-hidden/has_windbg.o...
...skipped <pbin.v2/libs/stacktrace/build/gcc-9/release/threading-multi/visibility-hidden>WinDbg_exe for lack of <pbin.v2/libs/stacktrace/build/gcc-9/release/threading-multi/visibility-hidden>has_windbg.o...
...skipped <pbin.v2/libs/stacktrace/build/gcc-9/release/threading-multi/visibility-hidden>WinDbg.output for lack of <pbin.v2/libs/stacktrace/build/gcc-9/release/threading-multi/visibility-hidden>WinDbg_exe...
...failed updating 1 target...
...skipped 2 targets...
...found 4 targets...
...updating 3 targets...
gcc.compile.c++ bin.v2/libs/stacktrace/build/gcc-9/release/threading-multi/visibility-hidden/has_windbg_cached.o
libs/stacktrace/build/has_windbg_cached.cpp:11:10: fatal error: windows.h: No such file or directory
   11 | #include <windows.h>
      |          ^~~~~~~~~~~
compilation terminated.

    "g++"   -fvisibility-inlines-hidden -fPIC -m64 -pthread -O3 -finline-functions -Wno-inline -Wall -fvisibility=hidden  -DBOOST_ALL_NO_LIB=1 -DNDEBUG  -I"."  -c -o "bin.v2/libs/stacktrace/build/gcc-9/release/threading-multi/visibility-hidden/has_windbg_cached.o" "libs/stacktrace/build/has_windbg_cached.cpp"

...failed gcc.compile.c++ bin.v2/libs/stacktrace/build/gcc-9/release/threading-multi/visibility-hidden/has_windbg_cached.o...
...skipped <pbin.v2/libs/stacktrace/build/gcc-9/release/threading-multi/visibility-hidden>WinDbgCached_exe for lack of <pbin.v2/libs/stacktrace/build/gcc-9/release/threading-multi/visibility-hidden>has_windbg_cached.o...
...skipped <pbin.v2/libs/stacktrace/build/gcc-9/release/threading-multi/visibility-hidden>WinDbgCached.output for lack of <pbin.v2/libs/stacktrace/build/gcc-9/release/threading-multi/visibility-hidden>WinDbgCached_exe...
...failed updating 1 target...
...skipped 2 targets...
...found 166 targets...
...found 4 targets...
...found 1 target...
...found 1 target...
...found 4 targets...
...found 1 target...
...found 4 targets...
...updating 1 target...
gcc.compile.c++ bin.v2/libs/filesystem/config/gcc-9/release/link-static/threading-multi/visibility-hidden/has_cxx20_atomic_ref.o
libs/filesystem/config/has_cxx20_atomic_ref.cpp: In function ‘int main()’:
libs/filesystem/config/has_cxx20_atomic_ref.cpp:15:10: error: ‘atomic_ref’ is not a member of ‘std’; did you mean ‘atomic_int’?
   15 |     std::atomic_ref< func_t* > ref(func);
      |          ^~~~~~~~~~
      |          atomic_int
libs/filesystem/config/has_cxx20_atomic_ref.cpp:15:28: error: expected primary-expression before ‘*’ token
   15 |     std::atomic_ref< func_t* > ref(func);
      |                            ^
libs/filesystem/config/has_cxx20_atomic_ref.cpp:15:30: error: expected primary-expression before ‘>’ token
   15 |     std::atomic_ref< func_t* > ref(func);
      |                              ^
libs/filesystem/config/has_cxx20_atomic_ref.cpp:15:32: error: ‘ref’ was not declared in this scope
   15 |     std::atomic_ref< func_t* > ref(func);
      |                                ^~~

    "g++"   -fvisibility-inlines-hidden -m64 -pthread -O3 -finline-functions -Wno-inline -Wall -fvisibility=hidden  -DBOOST_ALL_NO_LIB=1 -DNDEBUG  -I"." -I"libs/filesystem/src"  -c -o "bin.v2/libs/filesystem/config/gcc-9/release/link-static/threading-multi/visibility-hidden/has_cxx20_atomic_ref.o" "libs/filesystem/config/has_cxx20_atomic_ref.cpp"

...failed gcc.compile.c++ bin.v2/libs/filesystem/config/gcc-9/release/link-static/threading-multi/visibility-hidden/has_cxx20_atomic_ref.o...
...failed updating 1 target...
...found 1 target...
...found 1 target...
...found 1 target...
...found 1 target...
...updating 1 target...
gcc.compile.c++ bin.v2/libs/filesystem/config/gcc-9/release/link-static/threading-multi/visibility-hidden/has_stat_st_mtimensec.o
libs/filesystem/config/has_stat_st_mtimensec.cpp: In function ‘int main()’:
libs/filesystem/config/has_stat_st_mtimensec.cpp:17:8: error: ‘struct stat’ has no member named ‘st_mtimensec’
   17 |     st.st_mtimensec = 10;
      |        ^~~~~~~~~~~~

    "g++"   -fvisibility-inlines-hidden -m64 -pthread -O3 -finline-functions -Wno-inline -Wall -fvisibility=hidden  -DBOOST_ALL_NO_LIB=1 -DNDEBUG  -I"." -I"libs/filesystem/src"  -c -o "bin.v2/libs/filesystem/config/gcc-9/release/link-static/threading-multi/visibility-hidden/has_stat_st_mtimensec.o" "libs/filesystem/config/has_stat_st_mtimensec.cpp"

...failed gcc.compile.c++ bin.v2/libs/filesystem/config/gcc-9/release/link-static/threading-multi/visibility-hidden/has_stat_st_mtimensec.o...
...failed updating 1 target...
...found 1 target...
...updating 1 target...
gcc.compile.c++ bin.v2/libs/filesystem/config/gcc-9/release/link-static/threading-multi/visibility-hidden/has_stat_st_mtimespec.o
libs/filesystem/config/has_stat_st_mtimespec.cpp: In function ‘int main()’:
libs/filesystem/config/has_stat_st_mtimespec.cpp:17:8: error: ‘struct stat’ has no member named ‘st_mtimespec’
   17 |     st.st_mtimespec.tv_nsec = 10;
      |        ^~~~~~~~~~~~

    "g++"   -fvisibility-inlines-hidden -m64 -pthread -O3 -finline-functions -Wno-inline -Wall -fvisibility=hidden  -DBOOST_ALL_NO_LIB=1 -DNDEBUG  -I"." -I"libs/filesystem/src"  -c -o "bin.v2/libs/filesystem/config/gcc-9/release/link-static/threading-multi/visibility-hidden/has_stat_st_mtimespec.o" "libs/filesystem/config/has_stat_st_mtimespec.cpp"

...failed gcc.compile.c++ bin.v2/libs/filesystem/config/gcc-9/release/link-static/threading-multi/visibility-hidden/has_stat_st_mtimespec.o...
...failed updating 1 target...
...found 1 target...
...updating 1 target...
gcc.compile.c++ bin.v2/libs/filesystem/config/gcc-9/release/link-static/threading-multi/visibility-hidden/has_stat_st_birthtim.o
libs/filesystem/config/has_stat_st_birthtim.cpp: In function ‘int main()’:
libs/filesystem/config/has_stat_st_birthtim.cpp:17:8: error: ‘struct stat’ has no member named ‘st_birthtim’
   17 |     st.st_birthtim.tv_sec = 1;
      |        ^~~~~~~~~~~
libs/filesystem/config/has_stat_st_birthtim.cpp:18:8: error: ‘struct stat’ has no member named ‘st_birthtim’
   18 |     st.st_birthtim.tv_nsec = 10;
      |        ^~~~~~~~~~~

    "g++"   -fvisibility-inlines-hidden -m64 -pthread -O3 -finline-functions -Wno-inline -Wall -fvisibility=hidden  -DBOOST_ALL_NO_LIB=1 -DNDEBUG  -I"." -I"libs/filesystem/src"  -c -o "bin.v2/libs/filesystem/config/gcc-9/release/link-static/threading-multi/visibility-hidden/has_stat_st_birthtim.o" "libs/filesystem/config/has_stat_st_birthtim.cpp"

...failed gcc.compile.c++ bin.v2/libs/filesystem/config/gcc-9/release/link-static/threading-multi/visibility-hidden/has_stat_st_birthtim.o...
...failed updating 1 target...
...found 1 target...
...updating 1 target...
gcc.compile.c++ bin.v2/libs/filesystem/config/gcc-9/release/link-static/threading-multi/visibility-hidden/has_stat_st_birthtimensec.o
libs/filesystem/config/has_stat_st_birthtimensec.cpp: In function ‘int main()’:
libs/filesystem/config/has_stat_st_birthtimensec.cpp:17:8: error: ‘struct stat’ has no member named ‘st_birthtime’
   17 |     st.st_birthtime = 1;
      |        ^~~~~~~~~~~~
libs/filesystem/config/has_stat_st_birthtimensec.cpp:18:8: error: ‘struct stat’ has no member named ‘st_birthtimensec’
   18 |     st.st_birthtimensec = 10;
      |        ^~~~~~~~~~~~~~~~

    "g++"   -fvisibility-inlines-hidden -m64 -pthread -O3 -finline-functions -Wno-inline -Wall -fvisibility=hidden  -DBOOST_ALL_NO_LIB=1 -DNDEBUG  -I"." -I"libs/filesystem/src"  -c -o "bin.v2/libs/filesystem/config/gcc-9/release/link-static/threading-multi/visibility-hidden/has_stat_st_birthtimensec.o" "libs/filesystem/config/has_stat_st_birthtimensec.cpp"

...failed gcc.compile.c++ bin.v2/libs/filesystem/config/gcc-9/release/link-static/threading-multi/visibility-hidden/has_stat_st_birthtimensec.o...
...failed updating 1 target...
...found 1 target...
...updating 1 target...
gcc.compile.c++ bin.v2/libs/filesystem/config/gcc-9/release/link-static/threading-multi/visibility-hidden/has_stat_st_birthtimespec.o
libs/filesystem/config/has_stat_st_birthtimespec.cpp: In function ‘int main()’:
libs/filesystem/config/has_stat_st_birthtimespec.cpp:17:8: error: ‘struct stat’ has no member named ‘st_birthtimespec’
   17 |     st.st_birthtimespec.tv_sec = 1;
      |        ^~~~~~~~~~~~~~~~
libs/filesystem/config/has_stat_st_birthtimespec.cpp:18:8: error: ‘struct stat’ has no member named ‘st_birthtimespec’
   18 |     st.st_birthtimespec.tv_nsec = 10;
      |        ^~~~~~~~~~~~~~~~

    "g++"   -fvisibility-inlines-hidden -m64 -pthread -O3 -finline-functions -Wno-inline -Wall -fvisibility=hidden  -DBOOST_ALL_NO_LIB=1 -DNDEBUG  -I"." -I"libs/filesystem/src"  -c -o "bin.v2/libs/filesystem/config/gcc-9/release/link-static/threading-multi/visibility-hidden/has_stat_st_birthtimespec.o" "libs/filesystem/config/has_stat_st_birthtimespec.cpp"

...failed gcc.compile.c++ bin.v2/libs/filesystem/config/gcc-9/release/link-static/threading-multi/visibility-hidden/has_stat_st_birthtimespec.o...
...failed updating 1 target...
...found 1 target...
...found 1 target...
...found 4 targets...
...found 1 target...
...found 1 target...
...found 1 target...
...found 1 target...
...found 1 target...
...found 1 target...
...found 1 target...
...found 1 target...
...found 1 target...
...found 1 target...
...found 1 target...
...found 1 target...
...found 5 targets...
...updating 2 targets...
gcc.compile.c++ bin.v2/libs/regex/build/gcc-9/release/link-static/threading-multi/visibility-hidden/has_icu_test.o
libs/regex/build/has_icu_test.cpp:12:10: fatal error: unicode/uversion.h: No such file or directory
   12 | #include <unicode/uversion.h>
      |          ^~~~~~~~~~~~~~~~~~~~
compilation terminated.

    "g++"   -fvisibility-inlines-hidden -m64 -pthread -O3 -finline-functions -Wno-inline -Wall -fvisibility=hidden  -DBOOST_ALL_NO_LIB=1 -DBOOST_HAS_ICU=1 -DNDEBUG  -I"."  -c -o "bin.v2/libs/regex/build/gcc-9/release/link-static/threading-multi/visibility-hidden/has_icu_test.o" "libs/regex/build/has_icu_test.cpp"

...failed gcc.compile.c++ bin.v2/libs/regex/build/gcc-9/release/link-static/threading-multi/visibility-hidden/has_icu_test.o...
...skipped <pbin.v2/libs/regex/build/gcc-9/release/link-static/threading-multi/visibility-hidden>has_icu for lack of <pbin.v2/libs/regex/build/gcc-9/release/link-static/threading-multi/visibility-hidden>has_icu_test.o...
...failed updating 1 target...
...skipped 1 target...
...found 5 targets...
...updating 2 targets...
gcc.compile.c++ bin.v2/libs/iostreams/build/gcc-9/release/link-static/threading-multi/visibility-hidden/has_lzma_cputhreads.o
libs/iostreams/src/../build/has_lzma_cputhreads.cpp:5:10: fatal error: lzma.h: No such file or directory
    5 | #include <lzma.h>
      |          ^~~~~~~~
compilation terminated.

    "g++"   -fvisibility-inlines-hidden -m64 -pthread -O3 -finline-functions -Wno-inline -Wall -fvisibility=hidden  -DBOOST_ALL_NO_LIB=1 -DNDEBUG  -I"."  -c -o "bin.v2/libs/iostreams/build/gcc-9/release/link-static/threading-multi/visibility-hidden/has_lzma_cputhreads.o" "libs/iostreams/src/../build/has_lzma_cputhreads.cpp"

...failed gcc.compile.c++ bin.v2/libs/iostreams/build/gcc-9/release/link-static/threading-multi/visibility-hidden/has_lzma_cputhreads.o...
...skipped <pbin.v2/libs/iostreams/build/gcc-9/release/link-static/threading-multi/visibility-hidden>has_lzma_cputhreads for lack of <pbin.v2/libs/iostreams/build/gcc-9/release/link-static/threading-multi/visibility-hidden>has_lzma_cputhreads.o...
...failed updating 1 target...
...skipped 1 target...
...found 1 target...
...found 4 targets...
...found 5 targets...
...found 2 targets...
...updating 2 targets...
gcc.compile.c++ bin.v2/libs/locale/build/gcc-9/release/link-static/threading-multi/visibility-hidden/has_icu_test.o
/home/chengling/Research/Project/Cell/AnalyticalG/cellGPU/cmakeHelp/boost_1_82_0/libs/locale/build/has_icu_test.cpp:6:10: fatal error: unicode/coll.h: No such file or directory
    6 | #include <unicode/coll.h>
      |          ^~~~~~~~~~~~~~~~
compilation terminated.

    "g++"   -fvisibility-inlines-hidden -m64 -pthread -O3 -finline-functions -Wno-inline -Wall -fvisibility=hidden  -DBOOST_ALL_NO_LIB=1 -DNDEBUG  -I"."  -c -o "bin.v2/libs/locale/build/gcc-9/release/link-static/threading-multi/visibility-hidden/has_icu_test.o" "/home/chengling/Research/Project/Cell/AnalyticalG/cellGPU/cmakeHelp/boost_1_82_0/libs/locale/build/has_icu_test.cpp"

...failed gcc.compile.c++ bin.v2/libs/locale/build/gcc-9/release/link-static/threading-multi/visibility-hidden/has_icu_test.o...
...skipped <pbin.v2/libs/locale/build/gcc-9/release/link-static/threading-multi/visibility-hidden>has_icu for lack of <pbin.v2/libs/locale/build/gcc-9/release/link-static/threading-multi/visibility-hidden>has_icu_test.o...
...failed updating 1 target...
...skipped 1 target...
...found 1 target...
...found 1 target...
...found 1 target...
...found 1 target...
...found 1 target...
...found 1 target...
...found 1 target...
...found 1 target...
...found 5 targets...
...found 5 targets...
...found 5 targets...
...found 5 targets...
...found 5 targets...
...found 1 target...
...found 4 targets...
...found 1 target...
...found 1 target...
...found 1 target...
...found 1 target...
...found 1 target...
...found 1 target...
...found 1 target...
...found 1 target...
...found 1 target...
...found 1 target...
...found 4 targets...
...found 2 targets...
...found 1 target...
...found 6 targets...
...found 3 targets...
...found 3 targets...
...updating 3 targets...
gcc.compile.c++ bin.v2/libs/stacktrace/build/gcc-9/release/link-static/threading-multi/visibility-hidden/has_windbg.o
libs/stacktrace/build/has_windbg.cpp:8:10: fatal error: windows.h: No such file or directory
    8 | #include <windows.h>
      |          ^~~~~~~~~~~
compilation terminated.

    "g++"   -fvisibility-inlines-hidden -m64 -pthread -O3 -finline-functions -Wno-inline -Wall -fvisibility=hidden  -DBOOST_ALL_NO_LIB=1 -DNDEBUG  -I"."  -c -o "bin.v2/libs/stacktrace/build/gcc-9/release/link-static/threading-multi/visibility-hidden/has_windbg.o" "libs/stacktrace/build/has_windbg.cpp"

...failed gcc.compile.c++ bin.v2/libs/stacktrace/build/gcc-9/release/link-static/threading-multi/visibility-hidden/has_windbg.o...
...skipped <pbin.v2/libs/stacktrace/build/gcc-9/release/link-static/threading-multi/visibility-hidden>WinDbg_exe for lack of <pbin.v2/libs/stacktrace/build/gcc-9/release/link-static/threading-multi/visibility-hidden>has_windbg.o...
...skipped <pbin.v2/libs/stacktrace/build/gcc-9/release/link-static/threading-multi/visibility-hidden>WinDbg.output for lack of <pbin.v2/libs/stacktrace/build/gcc-9/release/link-static/threading-multi/visibility-hidden>WinDbg_exe...
...failed updating 1 target...
...skipped 2 targets...
...found 3 targets...
...updating 3 targets...
gcc.compile.c++ bin.v2/libs/stacktrace/build/gcc-9/release/link-static/threading-multi/visibility-hidden/has_windbg_cached.o
libs/stacktrace/build/has_windbg_cached.cpp:11:10: fatal error: windows.h: No such file or directory
   11 | #include <windows.h>
      |          ^~~~~~~~~~~
compilation terminated.

    "g++"   -fvisibility-inlines-hidden -m64 -pthread -O3 -finline-functions -Wno-inline -Wall -fvisibility=hidden  -DBOOST_ALL_NO_LIB=1 -DNDEBUG  -I"."  -c -o "bin.v2/libs/stacktrace/build/gcc-9/release/link-static/threading-multi/visibility-hidden/has_windbg_cached.o" "libs/stacktrace/build/has_windbg_cached.cpp"

...failed gcc.compile.c++ bin.v2/libs/stacktrace/build/gcc-9/release/link-static/threading-multi/visibility-hidden/has_windbg_cached.o...
...skipped <pbin.v2/libs/stacktrace/build/gcc-9/release/link-static/threading-multi/visibility-hidden>WinDbgCached_exe for lack of <pbin.v2/libs/stacktrace/build/gcc-9/release/link-static/threading-multi/visibility-hidden>has_windbg_cached.o...
...skipped <pbin.v2/libs/stacktrace/build/gcc-9/release/link-static/threading-multi/visibility-hidden>WinDbgCached.output for lack of <pbin.v2/libs/stacktrace/build/gcc-9/release/link-static/threading-multi/visibility-hidden>WinDbgCached_exe...
...failed updating 1 target...
...skipped 2 targets...
...found 1 target...
...found 1 target...
...found 1 target...
...updating 1 target...
config-cache.write bin.v2/project-cache.jam
...updated 1 target...
